mode: set
/Users/sunflash/Documents/Go/understanding-interfaces/github/with_interface/main.go:22.80,27.16 3 0
/Users/sunflash/Documents/Go/understanding-interfaces/github/with_interface/main.go:30.2,33.16 3 0
/Users/sunflash/Documents/Go/understanding-interfaces/github/with_interface/main.go:36.2,38.56 2 0
/Users/sunflash/Documents/Go/understanding-interfaces/github/with_interface/main.go:42.2,44.17 2 0
/Users/sunflash/Documents/Go/understanding-interfaces/github/with_interface/main.go:27.16,29.3 1 0
/Users/sunflash/Documents/Go/understanding-interfaces/github/with_interface/main.go:33.16,35.3 1 0
/Users/sunflash/Documents/Go/understanding-interfaces/github/with_interface/main.go:38.56,40.3 1 0
/Users/sunflash/Documents/Go/understanding-interfaces/github/with_interface/main.go:48.74,51.16 2 1
/Users/sunflash/Documents/Go/understanding-interfaces/github/with_interface/main.go:54.2,54.58 1 1
/Users/sunflash/Documents/Go/understanding-interfaces/github/with_interface/main.go:51.16,53.3 1 1
/Users/sunflash/Documents/Go/understanding-interfaces/github/with_interface/main.go:57.13,61.16 3 0
/Users/sunflash/Documents/Go/understanding-interfaces/github/with_interface/main.go:65.2,65.18 1 0
/Users/sunflash/Documents/Go/understanding-interfaces/github/with_interface/main.go:61.16,63.3 1 0
